<?xml version="1.0" encoding="UTF-8"?>
<testsuite xmlns:xsi="http://www.w3.org/2001/XMLSchema-instance" xsi:noNamespaceSchemaLocation="https://maven.apache.org/surefire/maven-surefire-plugin/xsd/surefire-test-report-3.0.xsd" version="3.0" name="com.carneirotg.aoc.DayOneTest" time="0.027" tests="1" errors="0" skipped="0" failures="0">
  <properties>
    <property name="java.specification.version" value="17"/>
    <property name="sun.jnu.encoding" value="UTF-8"/>
    <property name="java.class.path" value="/Users/carneiro/Documents/programming/personal/advent-of-code-2023/two/target/test-classes:/Users/carneiro/Documents/programming/personal/advent-of-code-2023/two/target/classes:/Users/carneiro/.m2/repository/org/junit/jupiter/junit-jupiter-api/5.8.2/junit-jupiter-api-5.8.2.jar:/Users/carneiro/.m2/repository/org/opentest4j/opentest4j/1.2.0/opentest4j-1.2.0.jar:/Users/carneiro/.m2/repository/org/junit/platform/junit-platform-commons/1.8.2/junit-platform-commons-1.8.2.jar:/Users/carneiro/.m2/repository/org/apiguardian/apiguardian-api/1.1.2/apiguardian-api-1.1.2.jar:/Users/carneiro/.m2/repository/org/apache/commons/commons-lang3/3.14.0/commons-lang3-3.14.0.jar:"/>
    <property name="java.vm.vendor" value="Amazon.com Inc."/>
    <property name="sun.arch.data.model" value="64"/>
    <property name="java.vendor.url" value="https://aws.amazon.com/corretto/"/>
    <property name="os.name" value="Mac OS X"/>
    <property name="java.vm.specification.version" value="17"/>
    <property name="sun.java.launcher" value="SUN_STANDARD"/>
    <property name="user.country" value="NL"/>
    <property name="sun.boot.library.path" value="/Users/carneiro/Library/Java/JavaVirtualMachines/corretto-17.0.8/Contents/Home/lib"/>
    <property name="sun.java.command" value="/Users/carneiro/Documents/programming/personal/advent-of-code-2023/two/target/surefire/surefirebooter-20231205203251780_3.jar /Users/carneiro/Documents/programming/personal/advent-of-code-2023/two/target/surefire 2023-12-05T20-32-51_724-jvmRun1 surefire-20231205203251780_1tmp surefire_0-20231205203251780_2tmp"/>
    <property name="http.nonProxyHosts" value="local|*.local|169.254/16|*.169.254/16"/>
    <property name="jdk.debug" value="release"/>
    <property name="surefire.test.class.path" value="/Users/carneiro/Documents/programming/personal/advent-of-code-2023/two/target/test-classes:/Users/carneiro/Documents/programming/personal/advent-of-code-2023/two/target/classes:/Users/carneiro/.m2/repository/org/junit/jupiter/junit-jupiter-api/5.8.2/junit-jupiter-api-5.8.2.jar:/Users/carneiro/.m2/repository/org/opentest4j/opentest4j/1.2.0/opentest4j-1.2.0.jar:/Users/carneiro/.m2/repository/org/junit/platform/junit-platform-commons/1.8.2/junit-platform-commons-1.8.2.jar:/Users/carneiro/.m2/repository/org/apiguardian/apiguardian-api/1.1.2/apiguardian-api-1.1.2.jar:/Users/carneiro/.m2/repository/org/apache/commons/commons-lang3/3.14.0/commons-lang3-3.14.0.jar:"/>
    <property name="sun.cpu.endian" value="little"/>
    <property name="user.home" value="/Users/carneiro"/>
    <property name="user.language" value="en"/>
    <property name="java.specification.vendor" value="Oracle Corporation"/>
    <property name="java.version.date" value="2023-07-18"/>
    <property name="java.home" value="/Users/carneiro/Library/Java/JavaVirtualMachines/corretto-17.0.8/Contents/Home"/>
    <property name="file.separator" value="/"/>
    <property name="basedir" value="/Users/carneiro/Documents/programming/personal/advent-of-code-2023/two"/>
    <property name="java.vm.compressedOopsMode" value="Zero based"/>
    <property name="line.separator" value="&#10;"/>
    <property name="java.vm.specification.vendor" value="Oracle Corporation"/>
    <property name="java.specification.name" value="Java Platform API Specification"/>
    <property name="surefire.real.class.path" value="/Users/carneiro/Documents/programming/personal/advent-of-code-2023/two/target/surefire/surefirebooter-20231205203251780_3.jar"/>
    <property name="sun.management.compiler" value="HotSpot 64-Bit Tiered Compilers"/>
    <property name="ftp.nonProxyHosts" value="local|*.local|169.254/16|*.169.254/16"/>
    <property name="java.runtime.version" value="17.0.8+7-LTS"/>
    <property name="user.name" value="carneiro"/>
    <property name="path.separator" value=":"/>
    <property name="os.version" value="13.4.1"/>
    <property name="java.runtime.name" value="OpenJDK Runtime Environment"/>
    <property name="file.encoding" value="UTF-8"/>
    <property name="java.vm.name" value="OpenJDK 64-Bit Server VM"/>
    <property name="java.vendor.version" value="Corretto-17.0.8.7.1"/>
    <property name="localRepository" value="/Users/carneiro/.m2/repository"/>
    <property name="java.vendor.url.bug" value="https://github.com/corretto/corretto-17/issues/"/>
    <property name="java.io.tmpdir" value="/var/folders/kd/rsdyw9v57w96mcxxdss7r62h0000gp/T/"/>
    <property name="idea.version" value="2023.2.5"/>
    <property name="java.version" value="17.0.8"/>
    <property name="user.dir" value="/Users/carneiro/Documents/programming/personal/advent-of-code-2023/two"/>
    <property name="os.arch" value="aarch64"/>
    <property name="java.vm.specification.name" value="Java Virtual Machine Specification"/>
    <property name="native.encoding" value="UTF-8"/>
    <property name="java.library.path" value="/Users/carneiro/Library/Java/Extensions:/Library/Java/Extensions:/Network/Library/Java/Extensions:/System/Library/Java/Extensions:/usr/lib/java:."/>
    <property name="java.vm.info" value="mixed mode, sharing"/>
    <property name="java.vendor" value="Amazon.com Inc."/>
    <property name="java.vm.version" value="17.0.8+7-LTS"/>
    <property name="sun.io.unicode.encoding" value="UnicodeBig"/>
    <property name="socksNonProxyHosts" value="local|*.local|169.254/16|*.169.254/16"/>
    <property name="java.class.version" value="61.0"/>
  </properties>
  <testcase name="test" classname="com.carneirotg.aoc.DayOneTest" time="0.018">
    <system-out><![CDATA[possible [false], index [Game]
possible [false], index [Game]
possible [false], index [Game]
possible [false], index [Game]
possible [false], index [11]
possible [false], index [14]
possible [false], index [15]
possible [false], index [16]
possible [false], index [20]
possible [false], index [21]
possible [false], index [22]
possible [false], index [23]
possible [false], index [28]
possible [false], index [29]
possible [false], index [30]
possible [false], index [31]
possible [false], index [32]
possible [false], index [33]
possible [false], index [34]
possible [false], index [36]
possible [false], index [37]
possible [false], index [38]
possible [false], index [40]
possible [false], index [41]
possible [false], index [42]
possible [false], index [46]
possible [false], index [47]
possible [false], index [49]
possible [false], index [51]
possible [false], index [53]
possible [false], index [54]
possible [false], index [56]
possible [false], index [57]
possible [false], index [59]
possible [false], index [61]
possible [false], index [68]
possible [false], index [70]
possible [false], index [71]
possible [false], index [72]
possible [false], index [75]
possible [false], index [76]
possible [false], index [79]
possible [false], index [80]
possible [false], index [81]
possible [false], index [82]
possible [false], index [83]
possible [false], index [84]
possible [false], index [85]
possible [false], index [88]
possible [false], index [89]
possible [false], index [90]
possible [false], index [94]
possible [false], index [95]
possible [false], index [99]
2342
]]></system-out>
  </testcase>
</testsuite>